<?xml version="1.0" encoding="UTF-8"?>
<!-- Generated by org.testng.reporters.JUnitReportReporter -->
<testsuite hostname="DESKTOP-9GSDD85" failures="0" tests="1" name="parameter.mul" time="11.022" errors="0" timestamp="2022-10-09T13:14:09 IST" skipped="0">
  <testcase classname="parameter.mul" name="mul1" time="11.022"/>
  <system-out/>
</testsuite> <!-- parameter.mul -->
