<?xml version="1.0" encoding="UTF-8"?>
<!-- Generated by org.testng.reporters.JUnitReportReporter -->
<testsuite hostname="DESKTOP-9GSDD85" failures="0" tests="4" name="pack.testt" time="0.009" errors="0" timestamp="2022-10-09T17:35:20 IST" skipped="0">
  <testcase classname="pack.testt" name="registercustomer" time="0.001"/>
  <system-out>
    <![CDATA[registercustomer]]>
  </system-out>
  <testcase classname="pack.testt" name="editcustomer" time="0.005"/>
  <system-out>
    <![CDATA[editcustomer]]>
  </system-out>
  <testcase classname="pack.testt" name="deletecustomer" time="0.001"/>
  <system-out>
    <![CDATA[deletecustomer]]>
  </system-out>
  <testcase classname="pack.testt" name="createcustomer" time="0.002"/>
  <system-out>
    <![CDATA[createcustomer]]>
  </system-out>
</testsuite> <!-- pack.testt -->
