<?xml version="1.0" encoding="UTF-8"?>
<!-- Generated by org.testng.reporters.JUnitReportReporter -->
<testsuite hostname="DESKTOP-9GSDD85" failures="0" tests="1" name="dataprovider.property" time="11.197" errors="0" timestamp="2022-10-09T17:35:20 IST" skipped="0">
  <testcase classname="dataprovider.property" name="tt" time="11.197"/>
  <system-out/>
</testsuite> <!-- dataprovider.property -->
