<?xml version="1.0" encoding="UTF-8"?>
<!-- Generated by org.testng.reporters.JUnitReportReporter -->
<testsuite hostname="DESKTOP-9GSDD85" failures="0" tests="1" name="parameter.sub" time="0.002" errors="0" timestamp="2022-10-09T10:58:27 IST" skipped="0">
  <testcase classname="parameter.sub" name="subb" time="0.002"/>
  <system-out/>
</testsuite> <!-- parameter.sub -->
