<?xml version="1.0" encoding="UTF-8"?>
<!-- Generated by org.testng.reporters.JUnitReportReporter -->
<testsuite hostname="DESKTOP-9GSDD85" failures="0" tests="1" name="parameter.add" time="0.008" errors="0" timestamp="2022-10-09T10:58:27 IST" skipped="0">
  <testcase classname="parameter.add" name="sum" time="0.008"/>
  <system-out/>
</testsuite> <!-- parameter.add -->
