<?xml version="1.0" encoding="UTF-8"?>
<!-- Generated by org.testng.reporters.JUnitReportReporter -->
<testsuite hostname="DESKTOP-9GSDD85" failures="0" tests="1" name="dataprovider.xcel" time="0.844" errors="0" timestamp="2022-10-09T09:05:54 IST" skipped="0">
  <testcase classname="dataprovider.xcel" name="cust" time="0.844"/>
  <system-out/>
</testsuite> <!-- dataprovider.xcel -->
