<?xml version="1.0" encoding="UTF-8"?>
<!-- Generated by org.testng.reporters.JUnitReportReporter -->
<testsuite hostname="DESKTOP-9GSDD85" failures="0" tests="3" name="groupandbatch.test1" time="0.003" errors="0" timestamp="2022-10-09T17:35:20 IST" skipped="0">
  <testcase classname="groupandbatch.test1" name="test2" time="0.001"/>
  <system-out/>
  <testcase classname="groupandbatch.test1" name="test" time="0.001"/>
  <system-out/>
  <testcase classname="groupandbatch.test1" name="test3" time="0.001"/>
  <system-out/>
</testsuite> <!-- groupandbatch.test1 -->
